<?xml version="1.0" encoding="UTF-8"?>
<testng-results skipped="0" failed="0" ignored="0" total="1" passed="1">
  <reporter-output>
  </reporter-output>
  <suite name="Suite" duration-ms="11091" started-at="2023-06-13T00:10:54 BST" finished-at="2023-06-13T00:11:05 BST">
    <groups>
    </groups>
    <test name="Test" duration-ms="11091" started-at="2023-06-13T00:10:54 BST" finished-at="2023-06-13T00:11:05 BST">
      <class name="maven.selenium.testng.project.MavenScript">
        <test-method status="PASS" signature="test()[pri:0, instance:maven.selenium.testng.project.MavenScript@3532ec19]" name="test" duration-ms="11001" started-at="2023-06-13T00:10:54 BST" finished-at="2023-06-13T00:11:05 BST">
          <reporter-output>
          </reporter-output>
        </test-method> <!-- test -->
      </class> <!-- maven.selenium.testng.project.MavenScript -->
    </test> <!-- Test -->
  </suite> <!-- Suite -->
</testng-results>
